============================= test session starts =============================
platform win32 -- Python 3.11.9, pytest-8.2.2, pluggy-1.6.0 -- C:\Users\OSAMA\AppData\Local\Programs\Python\Python311\python.exe
cachedir: .pytest_cache
rootdir: F:\nilekey\nile-key-project\nile-key2\backend
configfile: pytest.ini
plugins: anyio-4.14.1, asyncio-0.23.7, cov-5.0.0, timeout-2.4.0
asyncio: mode=Mode.STRICT
collecting ... collected 11 items

tests/test_digital_export_manager.py::test_mission_status_enum_has_pending_approval PASSED [  9%]
tests/test_digital_export_manager.py::test_mission_response_has_new_fields PASSED [ 18%]
tests/test_digital_export_manager.py::test_connect_creates_session PASSED [ 27%]
tests/test_digital_export_manager.py::test_list_tools_endpoint PASSED    [ 36%]
tests/test_digital_export_manager.py::test_approval_inbox_requires_manager_role PASSED [ 45%]
tests/test_digital_export_manager.py::test_approve_requires_manager_role PASSED [ 54%]
tests/test_digital_export_manager.py::test_reject_requires_manager_role PASSED [ 63%]
tests/test_digital_export_manager.py::test_approve_not_found PASSED      [ 72%]
tests/test_digital_export_manager.py::test_reject_not_found PASSED       [ 81%]
tests/test_digital_export_manager.py::test_session_manager_get_pending_approvals PASSED [ 90%]
tests/test_digital_export_manager.py::test_approve_creates_audit_log_entry PASSED [100%]

============================== warnings summary ===============================
C:\Users\OSAMA\AppData\Local\Programs\Python\Python311\Lib\site-packages\pydantic\_internal\_config.py:284: 19 warnings
  C:\Users\OSAMA\AppData\Local\Programs\Python\Python311\Lib\site-packages\pydantic\_internal\_config.py:284: PydanticDeprecatedSince20: Support for class-based `config` is deprecated, use ConfigDict instead. Deprecated in Pydantic V2.0 to be removed in V3.0. See Pydantic V2 Migration Guide at https://errors.pydantic.dev/2.7/migration/
    warnings.warn(DEPRECATION_MESSAGE, DeprecationWarning)

app\schemas\eta.py:55
  F:\nilekey\nile-key-project\nile-key2\backend\app\schemas\eta.py:55: PydanticDeprecatedSince20: Pydantic V1 style `@validator` validators are deprecated. You should migrate to Pydantic V2 style `@field_validator` validators, see the migration guide for more details. Deprecated in Pydantic V2.0 to be removed in V3.0. See Pydantic V2 Migration Guide at https://errors.pydantic.dev/2.7/migration/
    @validator("id", pre=True)

app\schemas\eta.py:110
  F:\nilekey\nile-key-project\nile-key2\backend\app\schemas\eta.py:110: PydanticDeprecatedSince20: Pydantic V1 style `@validator` validators are deprecated. You should migrate to Pydantic V2 style `@field_validator` validators, see the migration guide for more details. Deprecated in Pydantic V2.0 to be removed in V3.0. See Pydantic V2 Migration Guide at https://errors.pydantic.dev/2.7/migration/
    @validator("itemType")

app\schemas\eta.py:126
  F:\nilekey\nile-key-project\nile-key2\backend\app\schemas\eta.py:126: PydanticDeprecatedSince20: Pydantic V1 style `@validator` validators are deprecated. You should migrate to Pydantic V2 style `@field_validator` validators, see the migration guide for more details. Deprecated in Pydantic V2.0 to be removed in V3.0. See Pydantic V2 Migration Guide at https://errors.pydantic.dev/2.7/migration/
    @validator("swiftCode")

app\schemas\eta.py:211
  F:\nilekey\nile-key-project\nile-key2\backend\app\schemas\eta.py:211: PydanticDeprecatedSince20: Pydantic V1 style `@validator` validators are deprecated. You should migrate to Pydantic V2 style `@field_validator` validators, see the migration guide for more details. Deprecated in Pydantic V2.0 to be removed in V3.0. See Pydantic V2 Migration Guide at https://errors.pydantic.dev/2.7/migration/
    @validator("id", pre=True)

app\schemas\eta.py:230
  F:\nilekey\nile-key-project\nile-key2\backend\app\schemas\eta.py:230: PydanticDeprecatedSince20: Pydantic V1 style `@validator` validators are deprecated. You should migrate to Pydantic V2 style `@field_validator` validators, see the migration guide for more details. Deprecated in Pydantic V2.0 to be removed in V3.0. See Pydantic V2 Migration Guide at https://errors.pydantic.dev/2.7/migration/
    @validator("orderdeliveryMode")

-- Docs: https://docs.pytest.org/en/stable/how-to/capture-warnings.html
====================== 11 passed, 24 warnings in 29.39s =======================
